<?xml version="1.0" encoding="UTF-8"?>
<!-- Generated by org.testng.reporters.JUnitReportReporter -->
<testsuite hostname="Himalaya-Laptop" name="HimalayaPractice.E2EProject.ValidateTitle" tests="1" failures="0" timestamp="12 Jan 2022 16:54:31 GMT" time="2.113" errors="0">
  <testcase name="ValidateAppTitle" time="2.113" classname="HimalayaPractice.E2EProject.ValidateTitle"/>
</testsuite> <!-- HimalayaPractice.E2EProject.ValidateTitle -->
