<?xml version="1.0" encoding="UTF-8"?>
<!-- Generated by org.testng.reporters.JUnitReportReporter -->
<testsuite hostname="Himalaya-Laptop" name="HimalayaPractice.E2EProject.HomePage" tests="2" failures="0" timestamp="12 Jan 2022 16:54:31 GMT" time="24.762" errors="0">
  <testcase name="ValidateHomePage" time="9.098" classname="HimalayaPractice.E2EProject.HomePage"/>
  <testcase name="ValidateHomePage" time="15.664" classname="HimalayaPractice.E2EProject.HomePage"/>
</testsuite> <!-- HimalayaPractice.E2EProject.HomePage -->
