<?xml version="1.0" encoding="UTF-8"?>
<!-- Generated by org.testng.reporters.JUnitReportReporter -->
<testsuite hostname="Himalaya-Laptop" name="HimalayaPractice.E2EProject.base" tests="1" failures="0" timestamp="5 Jan 2022 15:40:45 GMT" time="0.018" errors="0">
  <testcase name="initializeDriver" time="0.018" classname="HimalayaPractice.E2EProject.base"/>
</testsuite> <!-- HimalayaPractice.E2EProject.base -->
