<?xml version="1.0" encoding="UTF-8"?>
<!-- Generated by org.testng.reporters.JUnitReportReporter -->
<testsuite hostname="Himalaya-Laptop" name="HimalayaPractice.E2EProject.ValidateNavigationBar" tests="1" failures="0" timestamp="12 Jan 2022 16:54:31 GMT" time="1.279" errors="0">
  <testcase name="ValidateNavigationBars" time="1.279" classname="HimalayaPractice.E2EProject.ValidateNavigationBar"/>
</testsuite> <!-- HimalayaPractice.E2EProject.ValidateNavigationBar -->
