<?xml version="1.0" encoding="UTF-8"?>
<!-- Generated by org.testng.reporters.JUnitReportReporter -->
<testsuite skipped="0" hostname="Himalaya-Laptop" name="Sample.day5" tests="6" failures="0" timestamp="27 Dec 2021 12:34:45 GMT" time="0.016" errors="0">
  <testcase name="MobileLoginPropertyLoan" time="0.002" classname="Sample.day5"/>
  <testcase name="LoginAPIPropertyLoan" time="0.002" classname="Sample.day5"/>
  <testcase name="WebloginPropertyLoan" time="0.002" classname="Sample.day5"/>
  <testcase name="LoginAPIPropertyLoan" time="0.002" classname="Sample.day5"/>
  <testcase name="MobileLoginPropertyLoan" time="0.006" classname="Sample.day5"/>
  <testcase name="WebloginPropertyLoan" time="0.002" classname="Sample.day5"/>
</testsuite> <!-- Sample.day5 -->
