<?xml version="1.0" encoding="UTF-8"?>
<!-- Generated by org.testng.reporters.JUnitReportReporter -->
<testsuite skipped="0" hostname="Himalaya-Laptop" name="Sample.day3" tests="2" failures="0" timestamp="27 Dec 2021 12:34:45 GMT" time="0.004" errors="0">
  <testcase name="LoginAPICarLoan" time="0.002" classname="Sample.day3"/>
  <testcase name="WebloginCarLoan" time="0.002" classname="Sample.day3"/>
</testsuite> <!-- Sample.day3 -->
