<?xml version="1.0" encoding="UTF-8"?>
<!-- Generated by org.testng.reporters.JUnitReportReporter -->
<testsuite skipped="0" hostname="Himalaya-Laptop" name="day2" tests="1" failures="0" timestamp="27 Dec 2021 11:38:51 GMT" time="0.020" errors="0">
  <testcase name="demo" time="0.020" classname="day2"/>
</testsuite> <!-- day2 -->
