<?xml version="1.0" encoding="UTF-8"?>
<!-- Generated by org.testng.reporters.JUnitReportReporter -->
<testsuite skipped="0" hostname="Himalaya-Laptop" name="Sample.day4" tests="3" failures="0" timestamp="27 Dec 2021 12:34:45 GMT" time="0.006" errors="0">
  <testcase name="WebloginHomeLoan" time="0.002" classname="Sample.day4"/>
  <testcase name="LoginAPIHomeLoan" time="0.003" classname="Sample.day4"/>
  <testcase name="MobileLoginHomeLoan" time="0.001" classname="Sample.day4"/>
</testsuite> <!-- Sample.day4 -->
