<?xml version="1.0" encoding="UTF-8"?>
<!-- Generated by org.testng.reporters.JUnitReportReporter -->
<testsuite skipped="0" hostname="Himalaya-Laptop" name="testngdemo" tests="2" failures="0" timestamp="27 Dec 2021 11:38:51 GMT" time="0.009" errors="0">
  <testcase name="testdemo" time="0.003" classname="testngdemo"/>
  <testcase name="secondTest" time="0.006" classname="testngdemo"/>
</testsuite> <!-- testngdemo -->
