<?xml version="1.0" encoding="UTF-8"?>
<!-- Generated by org.testng.reporters.JUnitReportReporter -->
<testsuite skipped="0" hostname="Himalaya-Laptop" name="Sample.testngdemo" tests="2" failures="0" timestamp="27 Dec 2021 12:34:45 GMT" time="0.022" errors="0">
  <testcase name="testdemo" time="0.002" classname="Sample.testngdemo"/>
  <testcase name="secondTest" time="0.020" classname="Sample.testngdemo"/>
</testsuite> <!-- Sample.testngdemo -->
