<?xml version="1.0" encoding="UTF-8"?>
<!-- Generated by org.testng.reporters.JUnitReportReporter -->
<testsuite skipped="0" hostname="Himalaya-Laptop" name="HimalayaPractice.ExtentReports.ExtentReportsJS" tests="1" failures="0" timestamp="31 Dec 2021 17:30:37 GMT" time="18.159" errors="0">
  <testcase name="initialDemo" time="18.159" classname="HimalayaPractice.ExtentReports.ExtentReportsJS"/>
</testsuite> <!-- HimalayaPractice.ExtentReports.ExtentReportsJS -->
